Using pre-set license
Built from '2021.2/staging' branch; Version is '2021.2.7f1 (6bd9e232123f) revision 7068130'; Using compiler version '192829333'; Build Type 'Release'
OS: 'Windows 10  (10.0.17134) 64bit Enterprise' Language: 'en' Physical Memory: 8112 MB
BatchMode: 1, IsHumanControllingUs: 0, StartBugReporterOnCrash: 0, Is64bit: 1, IsPro: 0

COMMAND LINE ARGUMENTS:
C:\Program Files\Unity\Hub\Editor\2021.2.7f1\Editor\Unity.exe
-adb2
-batchMode
-noUpm
-name
AssetImportWorker1
-projectPath
C:/Users/pauld/Desktop/CheckersAR
-logFile
Logs/AssetImportWorker1.log
-srvPort
57146
Successfully changed project path to: C:/Users/pauld/Desktop/CheckersAR
C:/Users/pauld/Desktop/CheckersAR
[UnityMemory] Configuration Parameters - Can be set up in boot.config
    "memorysetup-bucket-allocator-granularity=16"
    "memorysetup-bucket-allocator-bucket-count=8"
    "memorysetup-bucket-allocator-block-size=33554432"
    "memorysetup-bucket-allocator-block-count=8"
    "memorysetup-main-allocator-block-size=16777216"
    "memorysetup-thread-allocator-block-size=16777216"
    "memorysetup-gfx-main-allocator-block-size=16777216"
    "memorysetup-gfx-thread-allocator-block-size=16777216"
    "memorysetup-cache-allocator-block-size=4194304"
    "memorysetup-typetree-allocator-block-size=2097152"
    "memorysetup-profiler-bucket-allocator-granularity=16"
    "memorysetup-profiler-bucket-allocator-bucket-count=8"
    "memorysetup-profiler-bucket-allocator-block-size=33554432"
    "memorysetup-profiler-bucket-allocator-block-count=8"
    "memorysetup-profiler-allocator-block-size=16777216"
    "memorysetup-profiler-editor-allocator-block-size=1048576"
    "memorysetup-temp-allocator-size-main=16777216"
    "memorysetup-job-temp-allocator-block-size=2097152"
    "memorysetup-job-temp-allocator-block-size-background=1048576"
    "memorysetup-job-temp-allocator-reduction-small-platforms=262144"
    "memorysetup-temp-allocator-size-background-worker=32768"
    "memorysetup-temp-allocator-size-job-worker=262144"
    "memorysetup-temp-allocator-size-preload-manager=33554432"
    "memorysetup-temp-allocator-size-nav-mesh-worker=65536"
    "memorysetup-temp-allocator-size-audio-worker=65536"
    "memorysetup-temp-allocator-size-cloud-worker=32768"
    "memorysetup-temp-allocator-size-gi-baking-worker=262144"
    "memorysetup-temp-allocator-size-gfx=262144"
Refreshing native plugins compatible for Editor in 255.58 ms, found 3 plugins.
Preloading 0 native plugins for Editor in 0.00 ms.
Initialize engine version: 2021.2.7f1 (6bd9e232123f)
[Subsystems] Discovering subsystems at path C:/Program Files/Unity/Hub/Editor/2021.2.7f1/Editor/Data/Resources/UnitySubsystems
[Subsystems] Discovering subsystems at path C:/Users/pauld/Desktop/CheckersAR/Assets
GfxDevice: creating device client; threaded=0; jobified=0
Direct3D:
    Version:  Direct3D 11.0 [level 11.1]
    Renderer: Intel(R) Iris(TM) Graphics 6100 (ID=0x162b)
    Vendor:   Intel
    VRAM:     4056 MB
    Driver:   20.19.15.4703
Initialize mono
Mono path[0] = 'C:/Program Files/Unity/Hub/Editor/2021.2.7f1/Editor/Data/Managed'
Mono path[1] = 'C:/Program Files/Unity/Hub/Editor/2021.2.7f1/Editor/Data/MonoBleedingEdge/lib/mono/unityjit-win32'
Mono config path = 'C:/Program Files/Unity/Hub/Editor/2021.2.7f1/Editor/Data/MonoBleedingEdge/etc'
Using monoOptions --debugger-agent=transport=dt_socket,embedding=1,server=y,suspend=n,address=127.0.0.1:56320
Begin MonoManager ReloadAssembly
Registering precompiled unity dll's ...
Register platform support module: C:/Program Files/Unity/Hub/Editor/2021.2.7f1/Editor/Data/PlaybackEngines/WindowsStandaloneSupport/UnityEditor.WindowsStandalone.Extensions.dll
Registered in 0.012112 seconds.
Native extension for WindowsStandalone target not found
Refreshing native plugins compatible for Editor in 155.58 ms, found 3 plugins.
Preloading 0 native plugins for Editor in 0.00 ms.
Mono: successfully reloaded assembly
- Completed reload, in  1.414 seconds
Domain Reload Profiling:
	ReloadAssembly (1415ms)
		BeginReloadAssembly (370ms)
			ExecutionOrderSort (0ms)
			DisableScriptedObjects (0ms)
			BackupInstance (0ms)
			ReleaseScriptingObjects (0ms)
			CreateAndSetChildDomain (3ms)
		EndReloadAssembly (874ms)
			LoadAssemblies (366ms)
			RebuildTransferFunctionScriptingTraits (1ms)
			SetupTypeCache (162ms)
			ReleaseScriptCaches (0ms)
			RebuildScriptCaches (52ms)
			SetupLoadedEditorAssemblies (508ms)
				LogAssemblyErrors (0ms)
				InitializePlatformSupportModulesInManaged (34ms)
				SetLoadedEditorAssemblies (1ms)
				RefreshPlugins (156ms)
				BeforeProcessingInitializeOnLoad (2ms)
				ProcessInitializeOnLoadAttributes (237ms)
				ProcessInitializeOnLoadMethodAttributes (78ms)
				AfterProcessingInitializeOnLoad (0ms)
				EditorAssembliesLoaded (0ms)
			ExecutionOrderSort2 (0ms)
			AwakeInstancesAfterBackupRestoration (0ms)
Platform modules already initialized, skipping
Registering precompiled user dll's ...
Registered in 0.022592 seconds.
Begin MonoManager ReloadAssembly
Symbol file LoadedFromMemory doesn't match image C:\Users\pauld\Desktop\CheckersAR\Library\PackageCache\com.unity.visualscripting@1.7.6\Editor\VisualScripting.Core\Dependencies\YamlDotNet\Unity.VisualScripting.YamlDotNet.dll
Symbol file LoadedFromMemory doesn't match image C:\Users\pauld\Desktop\CheckersAR\Library\PackageCache\com.unity.visualscripting@1.7.6\Editor\VisualScripting.Core\Dependencies\DotNetZip\Unity.VisualScripting.IonicZip.dll
Native extension for WindowsStandalone target not found
Refreshing native plugins compatible for Editor in 116.05 ms, found 3 plugins.
Preloading 0 native plugins for Editor in 0.00 ms.
Package Manager log level set to [2]
Mono: successfully reloaded assembly
- Completed reload, in  2.093 seconds
Domain Reload Profiling:
	ReloadAssembly (2094ms)
		BeginReloadAssembly (206ms)
			ExecutionOrderSort (0ms)
			DisableScriptedObjects (8ms)
			BackupInstance (0ms)
			ReleaseScriptingObjects (0ms)
			CreateAndSetChildDomain (26ms)
		EndReloadAssembly (1724ms)
			LoadAssemblies (358ms)
			RebuildTransferFunctionScriptingTraits (0ms)
			SetupTypeCache (449ms)
			ReleaseScriptCaches (1ms)
			RebuildScriptCaches (87ms)
			SetupLoadedEditorAssemblies (814ms)
				LogAssemblyErrors (0ms)
				InitializePlatformSupportModulesInManaged (16ms)
				SetLoadedEditorAssemblies (1ms)
				RefreshPlugins (116ms)
				BeforeProcessingInitializeOnLoad (153ms)
				ProcessInitializeOnLoadAttributes (478ms)
				ProcessInitializeOnLoadMethodAttributes (40ms)
				AfterProcessingInitializeOnLoad (10ms)
				EditorAssembliesLoaded (0ms)
			ExecutionOrderSort2 (0ms)
			AwakeInstancesAfterBackupRestoration (9ms)
Platform modules already initialized, skipping
========================================================================
Worker process is ready to serve import requests
Launched and connected shader compiler UnityShaderCompiler.exe after 0.08 seconds
Refreshing native plugins compatible for Editor in 1.24 ms, found 3 plugins.
Preloading 0 native plugins for Editor in 0.00 ms.
Unloading 4332 Unused Serialized files (Serialized files now loaded: 0)
Unloading 29 unused Assets / (74.8 KB). Loaded Objects now: 4794.
Memory consumption went from 152.5 MB to 152.4 MB.
Total: 4.689200 ms (FindLiveObjects: 0.519300 ms CreateObjectMapping: 0.505500 ms MarkObjects: 3.529500 ms  DeleteObjects: 0.133100 ms)

AssetImportParameters requested are different than current active one (requested -> active):
  custom:video-decoder-ogg-theora: a1e56fd34408186e4bbccfd4996cb3dc -> 
  custom:container-muxer-webm: aa71ff27fc2769a1b78a27578f13a17b -> 
  custom:container-demuxer-webm: 4f35f7cbe854078d1ac9338744f61a02 -> 
  custom:video-encoder-webm-vp8: eb34c28f22e8b96e1ab97ce403110664 -> 
  custom:audio-encoder-webm-vorbis: bf7c407c2cedff20999df2af8eb42d56 -> 
  custom:framework-win-MediaFoundation: 216162199b28c13a410421893ffa2e32 -> 
  custom:container-demuxer-ogg: 62fdf1f143b41e24485cea50d1cbac27 -> 
  custom:video-decoder-webm-vp8: 9c59270c3fd7afecdb556c50c9e8de78 -> 
  custom:audio-decoder-ogg-vorbis: bf7c407c2cedff20999df2af8eb42d56 -> 
========================================================================
Received Import Request.
  Time since last request: 677407.285815 seconds.
  path: Assets/Prefabs/CheckersBoard.prefab
  artifactKey: Guid(59aaaf9f2fdd3b9438f062fbf52d7f73) Importer(815301076,1909f56bfc062723c751e8b465ee728b)
Start importing Assets/Prefabs/CheckersBoard.prefab using Guid(59aaaf9f2fdd3b9438f062fbf52d7f73) Importer(815301076,1909f56bfc062723c751e8b465ee728b)  -> (artifact id: 'f43a253b01451fdad983e110dd8979dd') in 0.220857 seconds 
========================================================================
Received Prepare
Refreshing native plugins compatible for Editor in 61.36 ms, found 3 plugins.
Preloading 0 native plugins for Editor in 0.00 ms.
Unloading 19 Unused Serialized files (Serialized files now loaded: 0)
Unloading 19 unused Assets / (22.7 KB). Loaded Objects now: 4802.
Memory consumption went from 68.9 MB to 68.9 MB.
Total: 9.160600 ms (FindLiveObjects: 0.702300 ms CreateObjectMapping: 0.785100 ms MarkObjects: 7.627900 ms  DeleteObjects: 0.043100 ms)

AssetImportParameters requested are different than current active one (requested -> active):
  custom:video-decoder-ogg-theora: a1e56fd34408186e4bbccfd4996cb3dc -> 
  custom:container-muxer-webm: aa71ff27fc2769a1b78a27578f13a17b -> 
  custom:container-demuxer-webm: 4f35f7cbe854078d1ac9338744f61a02 -> 
  custom:video-encoder-webm-vp8: eb34c28f22e8b96e1ab97ce403110664 -> 
  custom:audio-encoder-webm-vorbis: bf7c407c2cedff20999df2af8eb42d56 -> 
  custom:framework-win-MediaFoundation: 216162199b28c13a410421893ffa2e32 -> 
  custom:container-demuxer-ogg: 62fdf1f143b41e24485cea50d1cbac27 -> 
  custom:video-decoder-webm-vp8: 9c59270c3fd7afecdb556c50c9e8de78 -> 
  custom:audio-decoder-ogg-vorbis: bf7c407c2cedff20999df2af8eb42d56 -> 
========================================================================
Received Prepare
Registering precompiled user dll's ...
Registered in 0.027185 seconds.
Begin MonoManager ReloadAssembly
Symbol file LoadedFromMemory doesn't match image C:\Users\pauld\Desktop\CheckersAR\Library\PackageCache\com.unity.visualscripting@1.7.6\Editor\VisualScripting.Core\Dependencies\YamlDotNet\Unity.VisualScripting.YamlDotNet.dll
Symbol file LoadedFromMemory doesn't match image C:\Users\pauld\Desktop\CheckersAR\Library\PackageCache\com.unity.visualscripting@1.7.6\Editor\VisualScripting.Core\Dependencies\DotNetZip\Unity.VisualScripting.IonicZip.dll
Native extension for WindowsStandalone target not found
Refreshing native plugins compatible for Editor in 1.58 ms, found 3 plugins.
Preloading 0 native plugins for Editor in 0.00 ms.
Mono: successfully reloaded assembly
- Completed reload, in  3.906 seconds
Domain Reload Profiling:
	ReloadAssembly (3914ms)
		BeginReloadAssembly (1068ms)
			ExecutionOrderSort (1ms)
			DisableScriptedObjects (46ms)
			BackupInstance (0ms)
			ReleaseScriptingObjects (1ms)
			CreateAndSetChildDomain (309ms)
		EndReloadAssembly (2582ms)
			LoadAssemblies (676ms)
			RebuildTransferFunctionScriptingTraits (3ms)
			SetupTypeCache (911ms)
			ReleaseScriptCaches (3ms)
			RebuildScriptCaches (96ms)
			SetupLoadedEditorAssemblies (988ms)
				LogAssemblyErrors (0ms)
				InitializePlatformSupportModulesInManaged (45ms)
				SetLoadedEditorAssemblies (1ms)
				RefreshPlugins (2ms)
				BeforeProcessingInitializeOnLoad (212ms)
				ProcessInitializeOnLoadAttributes (644ms)
				ProcessInitializeOnLoadMethodAttributes (63ms)
				AfterProcessingInitializeOnLoad (20ms)
				EditorAssembliesLoaded (1ms)
			ExecutionOrderSort2 (0ms)
			AwakeInstancesAfterBackupRestoration (16ms)
Platform modules already initialized, skipping
Switching build target platform(19) subTarget(0) extendedPlatform(0) -> platform(13) subTarget(0) extendedPlatform(0)
Refreshing native plugins compatible for Editor in 1.41 ms, found 3 plugins.
Preloading 0 native plugins for Editor in 0.00 ms.
Unloading 4340 Unused Serialized files (Serialized files now loaded: 0)
Unloading 23 unused Assets / (65.1 KB). Loaded Objects now: 4837.
Memory consumption went from 156.1 MB to 156.0 MB.
Total: 6.642400 ms (FindLiveObjects: 0.496700 ms CreateObjectMapping: 0.328300 ms MarkObjects: 5.425800 ms  DeleteObjects: 0.389100 ms)

AssetImportParameters requested are different than current active one (requested -> active):
  custom:video-decoder-ogg-theora: a1e56fd34408186e4bbccfd4996cb3dc -> 
  custom:container-muxer-webm: aa71ff27fc2769a1b78a27578f13a17b -> 
  custom:container-demuxer-webm: 4f35f7cbe854078d1ac9338744f61a02 -> 
  custom:video-encoder-webm-vp8: eb34c28f22e8b96e1ab97ce403110664 -> 
  custom:audio-encoder-webm-vorbis: bf7c407c2cedff20999df2af8eb42d56 -> 
  custom:framework-win-MediaFoundation: 216162199b28c13a410421893ffa2e32 -> 
  custom:container-demuxer-ogg: 62fdf1f143b41e24485cea50d1cbac27 -> 
  custom:video-decoder-webm-vp8: 9c59270c3fd7afecdb556c50c9e8de78 -> 
  custom:audio-decoder-ogg-vorbis: bf7c407c2cedff20999df2af8eb42d56 -> 
========================================================================
Received Import Request.
  Time since last request: 2259.371386 seconds.
  path: Assets/LeanTween/Examples
  artifactKey: Guid(486852d399aed440aa95693d95263c16) Importer(815301076,1909f56bfc062723c751e8b465ee728b)
Start importing Assets/LeanTween/Examples using Guid(486852d399aed440aa95693d95263c16) Importer(815301076,1909f56bfc062723c751e8b465ee728b)  -> (artifact id: 'e59a8fcabb9a41dd2797237ca23b2fc6') in 0.017220 seconds 
========================================================================
Received Import Request.
  Time since last request: 2.083677 seconds.
  path: Assets/LeanTween/Examples/Scripts
  artifactKey: Guid(fd3a10f67e2b7486caaf1ac6b519b3ae) Importer(815301076,1909f56bfc062723c751e8b465ee728b)
Start importing Assets/LeanTween/Examples/Scripts using Guid(fd3a10f67e2b7486caaf1ac6b519b3ae) Importer(815301076,1909f56bfc062723c751e8b465ee728b)  -> (artifact id: 'b61d119a3728b85603179c600cbaac37') in 0.019018 seconds 
========================================================================
Received Prepare
Registering precompiled user dll's ...
Registered in 0.029194 seconds.
Begin MonoManager ReloadAssembly
Symbol file LoadedFromMemory doesn't match image C:\Users\pauld\Desktop\CheckersAR\Library\PackageCache\com.unity.visualscripting@1.7.6\Editor\VisualScripting.Core\Dependencies\YamlDotNet\Unity.VisualScripting.YamlDotNet.dll
Symbol file LoadedFromMemory doesn't match image C:\Users\pauld\Desktop\CheckersAR\Library\PackageCache\com.unity.visualscripting@1.7.6\Editor\VisualScripting.Core\Dependencies\DotNetZip\Unity.VisualScripting.IonicZip.dll
Native extension for WindowsStandalone target not found
Refreshing native plugins compatible for Editor in 1.93 ms, found 3 plugins.
Preloading 0 native plugins for Editor in 0.00 ms.
Mono: successfully reloaded assembly
- Completed reload, in  5.037 seconds
Domain Reload Profiling:
	ReloadAssembly (5038ms)
		BeginReloadAssembly (330ms)
			ExecutionOrderSort (0ms)
			DisableScriptedObjects (15ms)
			BackupInstance (0ms)
			ReleaseScriptingObjects (0ms)
			CreateAndSetChildDomain (68ms)
		EndReloadAssembly (4524ms)
			LoadAssemblies (282ms)
			RebuildTransferFunctionScriptingTraits (0ms)
			SetupTypeCache (2391ms)
			ReleaseScriptCaches (4ms)
			RebuildScriptCaches (156ms)
			SetupLoadedEditorAssemblies (1123ms)
				LogAssemblyErrors (0ms)
				InitializePlatformSupportModulesInManaged (29ms)
				SetLoadedEditorAssemblies (2ms)
				RefreshPlugins (2ms)
				BeforeProcessingInitializeOnLoad (264ms)
				ProcessInitializeOnLoadAttributes (748ms)
				ProcessInitializeOnLoadMethodAttributes (64ms)
				AfterProcessingInitializeOnLoad (12ms)
				EditorAssembliesLoaded (1ms)
			ExecutionOrderSort2 (0ms)
			AwakeInstancesAfterBackupRestoration (14ms)
Platform modules already initialized, skipping
Switching build target platform(19) subTarget(0) extendedPlatform(0) -> platform(13) subTarget(0) extendedPlatform(0)
Refreshing native plugins compatible for Editor in 1.67 ms, found 3 plugins.
Preloading 0 native plugins for Editor in 0.00 ms.
Unloading 4395 Unused Serialized files (Serialized files now loaded: 0)
Unloading 26 unused Assets / (134.5 KB). Loaded Objects now: 4891.
Memory consumption went from 158.0 MB to 157.9 MB.
Total: 7.895300 ms (FindLiveObjects: 0.916600 ms CreateObjectMapping: 0.704100 ms MarkObjects: 6.042800 ms  DeleteObjects: 0.229400 ms)

AssetImportParameters requested are different than current active one (requested -> active):
  custom:video-decoder-ogg-theora: a1e56fd34408186e4bbccfd4996cb3dc -> 
  custom:container-muxer-webm: aa71ff27fc2769a1b78a27578f13a17b -> 
  custom:container-demuxer-webm: 4f35f7cbe854078d1ac9338744f61a02 -> 
  custom:video-encoder-webm-vp8: eb34c28f22e8b96e1ab97ce403110664 -> 
  custom:audio-encoder-webm-vorbis: bf7c407c2cedff20999df2af8eb42d56 -> 
  custom:framework-win-MediaFoundation: 216162199b28c13a410421893ffa2e32 -> 
  custom:container-demuxer-ogg: 62fdf1f143b41e24485cea50d1cbac27 -> 
  custom:video-decoder-webm-vp8: 9c59270c3fd7afecdb556c50c9e8de78 -> 
  custom:audio-decoder-ogg-vorbis: bf7c407c2cedff20999df2af8eb42d56 -> 
========================================================================
Received Import Request.
  Time since last request: 376.705862 seconds.
  path: Assets/Prefabs/CheckersBoard.prefab
  artifactKey: Guid(59aaaf9f2fdd3b9438f062fbf52d7f73) Importer(815301076,1909f56bfc062723c751e8b465ee728b)
Start importing Assets/Prefabs/CheckersBoard.prefab using Guid(59aaaf9f2fdd3b9438f062fbf52d7f73) Importer(815301076,1909f56bfc062723c751e8b465ee728b)  -> (artifact id: '4971cfde268a97654da6bba3b7d734e4') in 0.492586 seconds 
========================================================================
Received Prepare
Refreshing native plugins compatible for Editor in 106.31 ms, found 3 plugins.
Preloading 0 native plugins for Editor in 0.00 ms.
Unloading 23 Unused Serialized files (Serialized files now loaded: 0)
Unloading 23 unused Assets / (116.0 KB). Loaded Objects now: 4893.
Memory consumption went from 70.4 MB to 70.3 MB.
Total: 22.406800 ms (FindLiveObjects: 2.911100 ms CreateObjectMapping: 1.162700 ms MarkObjects: 18.086200 ms  DeleteObjects: 0.243200 ms)

AssetImportParameters requested are different than current active one (requested -> active):
  custom:video-decoder-ogg-theora: a1e56fd34408186e4bbccfd4996cb3dc -> 
  custom:container-muxer-webm: aa71ff27fc2769a1b78a27578f13a17b -> 
  custom:container-demuxer-webm: 4f35f7cbe854078d1ac9338744f61a02 -> 
  custom:video-encoder-webm-vp8: eb34c28f22e8b96e1ab97ce403110664 -> 
  custom:audio-encoder-webm-vorbis: bf7c407c2cedff20999df2af8eb42d56 -> 
  custom:framework-win-MediaFoundation: 216162199b28c13a410421893ffa2e32 -> 
  custom:container-demuxer-ogg: 62fdf1f143b41e24485cea50d1cbac27 -> 
  custom:video-decoder-webm-vp8: 9c59270c3fd7afecdb556c50c9e8de78 -> 
  custom:audio-decoder-ogg-vorbis: bf7c407c2cedff20999df2af8eb42d56 -> 
========================================================================
Received Import Request.
  Time since last request: 691.494080 seconds.
  path: Assets/Prefabs/CheckersBoard.prefab
  artifactKey: Guid(59aaaf9f2fdd3b9438f062fbf52d7f73) Importer(815301076,1909f56bfc062723c751e8b465ee728b)
Start importing Assets/Prefabs/CheckersBoard.prefab using Guid(59aaaf9f2fdd3b9438f062fbf52d7f73) Importer(815301076,1909f56bfc062723c751e8b465ee728b)  -> (artifact id: '618ba9fc577897ed472eef87e0c7ffeb') in 0.176070 seconds 
========================================================================
Received Import Request.
  Time since last request: 1.968185 seconds.
  path: Assets/Prefabs/CheckersBoard.prefab
  artifactKey: Guid(59aaaf9f2fdd3b9438f062fbf52d7f73) Importer(815301076,1909f56bfc062723c751e8b465ee728b)
Start importing Assets/Prefabs/CheckersBoard.prefab using Guid(59aaaf9f2fdd3b9438f062fbf52d7f73) Importer(815301076,1909f56bfc062723c751e8b465ee728b)  -> (artifact id: '47c85762eabaedc4c539aac97139c3cf') in 0.076901 seconds 
========================================================================
Received Import Request.
  Time since last request: 6.631395 seconds.
  path: Assets/Prefabs/CheckersBoard.prefab
  artifactKey: Guid(59aaaf9f2fdd3b9438f062fbf52d7f73) Importer(815301076,1909f56bfc062723c751e8b465ee728b)
Start importing Assets/Prefabs/CheckersBoard.prefab using Guid(59aaaf9f2fdd3b9438f062fbf52d7f73) Importer(815301076,1909f56bfc062723c751e8b465ee728b)  -> (artifact id: '496c2c1d5057cdb3eb6fe235a4c6a296') in 0.093459 seconds 
========================================================================
Received Import Request.
  Time since last request: 13.797571 seconds.
  path: Assets/LeanTween/Examples/Models/2dText.fbx
  artifactKey: Guid(c0f35ff1d23074af5bcd82d9caa31ebe) Importer(815301076,1909f56bfc062723c751e8b465ee728b)
Start importing Assets/LeanTween/Examples/Models/2dText.fbx using Guid(c0f35ff1d23074af5bcd82d9caa31ebe) Importer(815301076,1909f56bfc062723c751e8b465ee728b)  -> (artifact id: 'eef8f4a5bc3a6ff275a00013a80f0f15') in 0.444864 seconds 
========================================================================
Received Import Request.
  Time since last request: 0.000048 seconds.
  path: Assets/LeanTween/Examples/Prefabs/EndlessPiece.prefab
  artifactKey: Guid(9c73e0cec0a374576a4b47fbb49921d5) Importer(815301076,1909f56bfc062723c751e8b465ee728b)
Start importing Assets/LeanTween/Examples/Prefabs/EndlessPiece.prefab using Guid(9c73e0cec0a374576a4b47fbb49921d5) Importer(815301076,1909f56bfc062723c751e8b465ee728b)  -> (artifact id: 'cb2099e1a808fbdbd48851c9f8557588') in 0.059286 seconds 
========================================================================
Received Import Request.
  Time since last request: 0.000042 seconds.
  path: Assets/LeanTween/Examples/Models/LeanTween.prefab
  artifactKey: Guid(f6cb897ad03b148b0b891659e4337604) Importer(815301076,1909f56bfc062723c751e8b465ee728b)
Start importing Assets/LeanTween/Examples/Models/LeanTween.prefab using Guid(f6cb897ad03b148b0b891659e4337604) Importer(815301076,1909f56bfc062723c751e8b465ee728b)  -> (artifact id: '16d98679822b8abe47779f2f210a6bdd') in 0.185614 seconds 
========================================================================
Received Import Request.
  Time since last request: 0.000056 seconds.
  path: Assets/LeanTween/Examples/Models/LeanTweenHD-Icon.fbx
  artifactKey: Guid(7d6f6aee277594029851a7cc81d550d5) Importer(815301076,1909f56bfc062723c751e8b465ee728b)
Start importing Assets/LeanTween/Examples/Models/LeanTweenHD-Icon.fbx using Guid(7d6f6aee277594029851a7cc81d550d5) Importer(815301076,1909f56bfc062723c751e8b465ee728b)  -> (artifact id: 'a2bc219b187c116a01ce1fd57a1242fe') in 0.191360 seconds 
========================================================================
Received Import Request.
  Time since last request: 0.000057 seconds.
  path: Assets/Lean/Common/Examples/Meshes/RoundedCube.obj
  artifactKey: Guid(f36c148914c8e05498dad1ca7becaa2e) Importer(815301076,1909f56bfc062723c751e8b465ee728b)
Start importing Assets/Lean/Common/Examples/Meshes/RoundedCube.obj using Guid(f36c148914c8e05498dad1ca7becaa2e) Importer(815301076,1909f56bfc062723c751e8b465ee728b)  -> (artifact id: '99f15740de6038106ec91f9cebecb7b6') in 0.080665 seconds 
========================================================================
Received Import Request.
  Time since last request: 0.000030 seconds.
  path: Assets/Lean/Touch/Examples/Media/Demo.prefab
  artifactKey: Guid(e2a63f1f28575a549abdfbc4eb9b28d2) Importer(815301076,1909f56bfc062723c751e8b465ee728b)
Start importing Assets/Lean/Touch/Examples/Media/Demo.prefab using Guid(e2a63f1f28575a549abdfbc4eb9b28d2) Importer(815301076,1909f56bfc062723c751e8b465ee728b)  -> (artifact id: '567942822f6fb98ef254cc6d6fda1297') in 0.502702 seconds 
========================================================================
Received Import Request.
  Time since last request: 0.000064 seconds.
  path: Assets/LeanTween/Examples/Models/AdvancedExamplesText.fbx
  artifactKey: Guid(47a7c1f40f5df413fbc8bf1c01c011a2) Importer(815301076,1909f56bfc062723c751e8b465ee728b)
Start importing Assets/LeanTween/Examples/Models/AdvancedExamplesText.fbx using Guid(47a7c1f40f5df413fbc8bf1c01c011a2) Importer(815301076,1909f56bfc062723c751e8b465ee728b)  -> (artifact id: '5dee995304e3e8eae85b8b826b150a9c') in 0.142421 seconds 
========================================================================
Received Import Request.
  Time since last request: 0.000051 seconds.
  path: Assets/LeanTween/Examples/Models/CurvePathsText.fbx
  artifactKey: Guid(9256e250ab62647109679d3cbbaf6f04) Importer(815301076,1909f56bfc062723c751e8b465ee728b)
Start importing Assets/LeanTween/Examples/Models/CurvePathsText.fbx using Guid(9256e250ab62647109679d3cbbaf6f04) Importer(815301076,1909f56bfc062723c751e8b465ee728b)  -> (artifact id: '00c0d724cbfca9376008392187b710f2') in 0.048515 seconds 
========================================================================
Received Import Request.
  Time since last request: 0.000056 seconds.
  path: Assets/LeanTween/Examples/Prefabs/Grids.prefab
  artifactKey: Guid(6a9d822b319924ae7a120c7f2ba0b067) Importer(815301076,1909f56bfc062723c751e8b465ee728b)
Start importing Assets/LeanTween/Examples/Prefabs/Grids.prefab using Guid(6a9d822b319924ae7a120c7f2ba0b067) Importer(815301076,1909f56bfc062723c751e8b465ee728b)  -> (artifact id: '37aefa0894173220539da6c62199f302') in 0.150173 seconds 
========================================================================
Received Import Request.
  Time since last request: 0.000055 seconds.
  path: Assets/Lean/Common/Examples/Prefabs/Button.prefab
  artifactKey: Guid(e397534993a3daa4fb62356a2b6e1856) Importer(815301076,1909f56bfc062723c751e8b465ee728b)
Start importing Assets/Lean/Common/Examples/Prefabs/Button.prefab using Guid(e397534993a3daa4fb62356a2b6e1856) Importer(815301076,1909f56bfc062723c751e8b465ee728b)  -> (artifact id: 'a9c4bd164a8165c1ee526779ddf882ac') in 0.034869 seconds 
========================================================================
Received Import Request.
  Time since last request: 0.000042 seconds.
  path: Assets/LeanTween/Examples/Models/LeanTween-Icon.fbx
  artifactKey: Guid(6fc4240da91ab4747a411a8313faed53) Importer(815301076,1909f56bfc062723c751e8b465ee728b)
Start importing Assets/LeanTween/Examples/Models/LeanTween-Icon.fbx using Guid(6fc4240da91ab4747a411a8313faed53) Importer(815301076,1909f56bfc062723c751e8b465ee728b)  -> (artifact id: '4adccedab8c9c15910ccc700826deba6') in 0.100274 seconds 
========================================================================
Received Import Request.
  Time since last request: 0.000037 seconds.
  path: Assets/Lean/Common/Examples/Prefabs/InfoInWorld.prefab
  artifactKey: Guid(c2093cc4f6d9a10409c4aa0552892627) Importer(815301076,1909f56bfc062723c751e8b465ee728b)
Start importing Assets/Lean/Common/Examples/Prefabs/InfoInWorld.prefab using Guid(c2093cc4f6d9a10409c4aa0552892627) Importer(815301076,1909f56bfc062723c751e8b465ee728b)  -> (artifact id: '65939b7d64523d4970a51086d9a49ef2') in 0.023848 seconds 
========================================================================
Received Import Request.
  Time since last request: 0.000039 seconds.
  path: Assets/Lean/Common/Examples/Prefabs/RoundedCube.prefab
  artifactKey: Guid(98bcf37801e348c44b1dc78b7af0bb77) Importer(815301076,1909f56bfc062723c751e8b465ee728b)
Start importing Assets/Lean/Common/Examples/Prefabs/RoundedCube.prefab using Guid(98bcf37801e348c44b1dc78b7af0bb77) Importer(815301076,1909f56bfc062723c751e8b465ee728b)  -> (artifact id: '589fc990742d71725f3aa0f3c050f365') in 0.110887 seconds 
========================================================================
Received Import Request.
  Time since last request: 0.000036 seconds.
  path: Assets/LeanTween/Examples/Models/EndlessDrivingText.fbx
  artifactKey: Guid(6311d891eea1c406c941c23f9dfa5265) Importer(815301076,1909f56bfc062723c751e8b465ee728b)
Start importing Assets/LeanTween/Examples/Models/EndlessDrivingText.fbx using Guid(6311d891eea1c406c941c23f9dfa5265) Importer(815301076,1909f56bfc062723c751e8b465ee728b)  -> (artifact id: '3ba9771ec0a1a364a25b0c7a895dc5fb') in 0.056890 seconds 
========================================================================
Received Import Request.
  Time since last request: 0.000090 seconds.
  path: Assets/LeanTween/Examples/Prefabs/AvatarDiffuse 1.prefab
  artifactKey: Guid(672fd62036f744e79b75297e492c996e) Importer(815301076,1909f56bfc062723c751e8b465ee728b)
Start importing Assets/LeanTween/Examples/Prefabs/AvatarDiffuse 1.prefab using Guid(672fd62036f744e79b75297e492c996e) Importer(815301076,1909f56bfc062723c751e8b465ee728b)  -> (artifact id: '0899899acf9d2395123b61cad4b20882') in 0.044057 seconds 
========================================================================
Received Import Request.
  Time since last request: 0.000042 seconds.
  path: Assets/LeanTween/Examples/Prefabs/AvatarSparkles.prefab
  artifactKey: Guid(7b796b489cc4c447c91c00d4136b0e54) Importer(815301076,1909f56bfc062723c751e8b465ee728b)
Start importing Assets/LeanTween/Examples/Prefabs/AvatarSparkles.prefab using Guid(7b796b489cc4c447c91c00d4136b0e54) Importer(815301076,1909f56bfc062723c751e8b465ee728b)  -> (artifact id: '30b76810280a63ac5d58a8b3b175228c') in 0.108762 seconds 
========================================================================
Received Import Request.
  Time since last request: 0.000038 seconds.
  path: Assets/LeanTween/Examples/Prefabs/AvatarSpace.prefab
  artifactKey: Guid(e02878730c48147bb9fc414aabee207b) Importer(815301076,1909f56bfc062723c751e8b465ee728b)
Start importing Assets/LeanTween/Examples/Prefabs/AvatarSpace.prefab using Guid(e02878730c48147bb9fc414aabee207b) Importer(815301076,1909f56bfc062723c751e8b465ee728b)  -> (artifact id: '5c2aa77bc2a9d1bc8905a1ff0263ee3e') in 0.057261 seconds 
========================================================================
Received Import Request.
  Time since last request: 0.000034 seconds.
  path: Assets/LeanTween/Examples/Prefabs/AvatarEventsCS.prefab
  artifactKey: Guid(3c9c5d81a80e84e90af37f2113c12b2d) Importer(815301076,1909f56bfc062723c751e8b465ee728b)
Start importing Assets/LeanTween/Examples/Prefabs/AvatarEventsCS.prefab using Guid(3c9c5d81a80e84e90af37f2113c12b2d) Importer(815301076,1909f56bfc062723c751e8b465ee728b)  -> (artifact id: 'f601770fa5c8880a641c14a52929efcf') in 0.056914 seconds 
========================================================================
Received Import Request.
  Time since last request: 0.000120 seconds.
  path: Assets/LeanTween/Examples/Prefabs/AvatarDiffuse.prefab
  artifactKey: Guid(992f36b41308f41f1bc39908c2c27dda) Importer(815301076,1909f56bfc062723c751e8b465ee728b)
Start importing Assets/LeanTween/Examples/Prefabs/AvatarDiffuse.prefab using Guid(992f36b41308f41f1bc39908c2c27dda) Importer(815301076,1909f56bfc062723c751e8b465ee728b)  -> (artifact id: 'ff643bddd37bd5ab86d37ca555e3a74f') in 0.039810 seconds 
========================================================================
Received Import Request.
  Time since last request: 0.000034 seconds.
  path: Assets/Lean/Common/Examples/Prefabs/Grid.prefab
  artifactKey: Guid(4d8e5dc336efc8146938948f3cd24843) Importer(815301076,1909f56bfc062723c751e8b465ee728b)
Start importing Assets/Lean/Common/Examples/Prefabs/Grid.prefab using Guid(4d8e5dc336efc8146938948f3cd24843) Importer(815301076,1909f56bfc062723c751e8b465ee728b)  -> (artifact id: '6320183fe01c7395f0053fbc2af1f4a9') in 0.024814 seconds 
========================================================================
Received Import Request.
  Time since last request: 0.000144 seconds.
  path: Assets/LeanTween/Examples/Models/CameraShakeText.fbx
  artifactKey: Guid(f4d8d07c107904cdfb54156450f020f3) Importer(815301076,1909f56bfc062723c751e8b465ee728b)
Start importing Assets/LeanTween/Examples/Models/CameraShakeText.fbx using Guid(f4d8d07c107904cdfb54156450f020f3) Importer(815301076,1909f56bfc062723c751e8b465ee728b)  -> (artifact id: 'a5053c8f205e5be12268852101f68c29') in 0.068306 seconds 
========================================================================
Received Import Request.
  Time since last request: 0.000047 seconds.
  path: Assets/LeanTween/Examples/Prefabs/Avatar2dParticles.prefab
  artifactKey: Guid(d50011a464d5f44ccbfefb117020e5cb) Importer(815301076,1909f56bfc062723c751e8b465ee728b)
Start importing Assets/LeanTween/Examples/Prefabs/Avatar2dParticles.prefab using Guid(d50011a464d5f44ccbfefb117020e5cb) Importer(815301076,1909f56bfc062723c751e8b465ee728b)  -> (artifact id: '5e68225ddba7a80796de331a50dd336d') in 0.032308 seconds 
========================================================================
Received Import Request.
  Time since last request: 0.000041 seconds.
  path: Assets/Lean/Common/Examples/Prefabs/Canvas.prefab
  artifactKey: Guid(a17273a87cb5b81409ce39e4971ac6fc) Importer(815301076,1909f56bfc062723c751e8b465ee728b)
Start importing Assets/Lean/Common/Examples/Prefabs/Canvas.prefab using Guid(a17273a87cb5b81409ce39e4971ac6fc) Importer(815301076,1909f56bfc062723c751e8b465ee728b)  -> (artifact id: '17dc628e05eb7b0e4233e3e2819b2e7c') in 0.042382 seconds 
========================================================================
Received Import Request.
  Time since last request: 0.000055 seconds.
  path: Assets/LeanTween/Examples/Prefabs/DustCloud.prefab
  artifactKey: Guid(3a6e1cb160a414c6cbe7d27b34d381a1) Importer(815301076,1909f56bfc062723c751e8b465ee728b)
Start importing Assets/LeanTween/Examples/Prefabs/DustCloud.prefab using Guid(3a6e1cb160a414c6cbe7d27b34d381a1) Importer(815301076,1909f56bfc062723c751e8b465ee728b)  -> (artifact id: 'ac021a148ffc67daca9f8f642e2e95b6') in 0.052368 seconds 
========================================================================
Received Import Request.
  Time since last request: 0.000037 seconds.
  path: Assets/Lean/Common/Examples/Prefabs/Demo.prefab
  artifactKey: Guid(298daca7decb9f846b5ff996ee97a495) Importer(815301076,1909f56bfc062723c751e8b465ee728b)
Start importing Assets/Lean/Common/Examples/Prefabs/Demo.prefab using Guid(298daca7decb9f846b5ff996ee97a495) Importer(815301076,1909f56bfc062723c751e8b465ee728b)  -> (artifact id: 'a40b860ee74fc5ed5fd84e6219b3573b') in 0.077856 seconds 
========================================================================
Received Import Request.
  Time since last request: 0.000034 seconds.
  path: Assets/LeanTween/Examples/Models/DirectionalArrow.fbx
  artifactKey: Guid(d47ae0396110840289d47476d8289fbf) Importer(815301076,1909f56bfc062723c751e8b465ee728b)
Start importing Assets/LeanTween/Examples/Models/DirectionalArrow.fbx using Guid(d47ae0396110840289d47476d8289fbf) Importer(815301076,1909f56bfc062723c751e8b465ee728b)  -> (artifact id: 'c4b2b64e23c81d90a946757c0fd3777d') in 0.202277 seconds 
========================================================================
Received Import Request.
  Time since last request: 0.000032 seconds.
  path: Assets/LeanTween/Examples/Prefabs/GridLine.prefab
  artifactKey: Guid(0d9158a373e64481db63423af851bdc9) Importer(815301076,1909f56bfc062723c751e8b465ee728b)
Start importing Assets/LeanTween/Examples/Prefabs/GridLine.prefab using Guid(0d9158a373e64481db63423af851bdc9) Importer(815301076,1909f56bfc062723c751e8b465ee728b)  -> (artifact id: '03ea86e5c1ad2a7bf205e97a4a295d79') in 0.040452 seconds 
========================================================================
Received Import Request.
  Time since last request: 0.000048 seconds.
  path: Assets/LeanTween/Examples/Prefabs/AvatarAlpha.prefab
  artifactKey: Guid(6f033a1cc164a48d99c0ccbd9425d153) Importer(815301076,1909f56bfc062723c751e8b465ee728b)
Start importing Assets/LeanTween/Examples/Prefabs/AvatarAlpha.prefab using Guid(6f033a1cc164a48d99c0ccbd9425d153) Importer(815301076,1909f56bfc062723c751e8b465ee728b)  -> (artifact id: '9b16e300d3567bf203204f9e8418a7b2') in 0.076073 seconds 
========================================================================
Received Import Request.
  Time since last request: 0.000088 seconds.
  path: Assets/Lean/Touch/Examples/Media/Canvas.prefab
  artifactKey: Guid(bebd5476321cdf84185c278059e299e4) Importer(815301076,1909f56bfc062723c751e8b465ee728b)
Start importing Assets/Lean/Touch/Examples/Media/Canvas.prefab using Guid(bebd5476321cdf84185c278059e299e4) Importer(815301076,1909f56bfc062723c751e8b465ee728b)  -> (artifact id: '9b1253fa6c9c27ca4541cd26f147bd53') in 0.023373 seconds 
========================================================================
Received Import Request.
  Time since last request: 0.000070 seconds.
  path: Assets/LeanTween/Examples/Prefabs/BasicExamplesText.prefab
  artifactKey: Guid(0b4ce6f9ebfb948a58b5b05397daaaea) Importer(815301076,1909f56bfc062723c751e8b465ee728b)
Start importing Assets/LeanTween/Examples/Prefabs/BasicExamplesText.prefab using Guid(0b4ce6f9ebfb948a58b5b05397daaaea) Importer(815301076,1909f56bfc062723c751e8b465ee728b)  -> (artifact id: '17b81ae422117ce80f8bc2995cb9b9a3') in 0.040360 seconds 
========================================================================
Received Import Request.
  Time since last request: 0.000239 seconds.
  path: Assets/LeanTween/Examples/Models/ExampleFirTree.fbx
  artifactKey: Guid(26daae648a43e4db88d0a47a293d545c) Importer(815301076,1909f56bfc062723c751e8b465ee728b)
Start importing Assets/LeanTween/Examples/Models/ExampleFirTree.fbx using Guid(26daae648a43e4db88d0a47a293d545c) Importer(815301076,1909f56bfc062723c751e8b465ee728b)  -> (artifact id: '5fe37f8a4e06a531b13d246e7f4d0c9c') in 0.052846 seconds 
========================================================================
Received Import Request.
  Time since last request: 0.000049 seconds.
  path: Assets/LeanTween/Examples/Models/Grid.fbx
  artifactKey: Guid(cf8dd6c08e9ac4507bbbd1468b530d48) Importer(815301076,1909f56bfc062723c751e8b465ee728b)
Start importing Assets/LeanTween/Examples/Models/Grid.fbx using Guid(cf8dd6c08e9ac4507bbbd1468b530d48) Importer(815301076,1909f56bfc062723c751e8b465ee728b)  -> (artifact id: '1f57d29833233d7e831b010a2c07f879') in 0.050716 seconds 
========================================================================
Received Import Request.
  Time since last request: 0.000041 seconds.
  path: Assets/Lean/Common/Examples/Prefabs/InfoInUI.prefab
  artifactKey: Guid(5db91b7e72558e745ac7c4d00d8d5ae8) Importer(815301076,1909f56bfc062723c751e8b465ee728b)
Start importing Assets/Lean/Common/Examples/Prefabs/InfoInUI.prefab using Guid(5db91b7e72558e745ac7c4d00d8d5ae8) Importer(815301076,1909f56bfc062723c751e8b465ee728b)  -> (artifact id: '2f704fa1e0e9a4a4d0c3205c90cdbe3c') in 0.034010 seconds 
========================================================================
Received Import Request.
  Time since last request: 0.000548 seconds.
  path: Assets/LeanTween/Examples/Models/SimpleAvatar.fbx
  artifactKey: Guid(c8c942998fe7e4845bed23e105bd031f) Importer(815301076,1909f56bfc062723c751e8b465ee728b)
Start importing Assets/LeanTween/Examples/Models/SimpleAvatar.fbx using Guid(c8c942998fe7e4845bed23e105bd031f) Importer(815301076,1909f56bfc062723c751e8b465ee728b)  -> (artifact id: '84a1dd337307e4cd81483ee0550e5db5') in 0.040763 seconds 
========================================================================
Received Prepare
Refreshing native plugins compatible for Editor in 58.53 ms, found 3 plugins.
Preloading 0 native plugins for Editor in 0.00 ms.
Unloading 22 Unused Serialized files (Serialized files now loaded: 0)
Unloading 21 unused Assets / (72.4 KB). Loaded Objects now: 4941.
Memory consumption went from 72.6 MB to 72.5 MB.
Total: 35.169700 ms (FindLiveObjects: 0.782900 ms CreateObjectMapping: 0.558300 ms MarkObjects: 33.654800 ms  DeleteObjects: 0.171100 ms)

AssetImportParameters requested are different than current active one (requested -> active):
  custom:video-decoder-ogg-theora: a1e56fd34408186e4bbccfd4996cb3dc -> 
  custom:container-muxer-webm: aa71ff27fc2769a1b78a27578f13a17b -> 
  custom:container-demuxer-webm: 4f35f7cbe854078d1ac9338744f61a02 -> 
  custom:video-encoder-webm-vp8: eb34c28f22e8b96e1ab97ce403110664 -> 
  custom:audio-encoder-webm-vorbis: bf7c407c2cedff20999df2af8eb42d56 -> 
  custom:framework-win-MediaFoundation: 216162199b28c13a410421893ffa2e32 -> 
  custom:container-demuxer-ogg: 62fdf1f143b41e24485cea50d1cbac27 -> 
  custom:video-decoder-webm-vp8: 9c59270c3fd7afecdb556c50c9e8de78 -> 
  custom:audio-decoder-ogg-vorbis: bf7c407c2cedff20999df2af8eb42d56 -> 
